2024-03-19 00:04:26,852 INFO : --- Start Omoc comparer ---
2024-03-19 00:06:42,324 INFO : --- Start Omoc comparer ---
2024-03-19 00:06:59,612 INFO : Read 168 entries, with 5 columns each
2024-03-19 00:06:59,657 INFO : Read 189 entries, with 6 columns each
2024-03-19 00:06:59,677 ERROR : ***Error in LongRunningOperation***
Traceback (most recent call last):
  File "/home/matze/git/TSVTools/src/OmocComparer.py", line 320, in run
    self.function(*self.arguments)
  File "/home/matze/git/TSVTools/src/OmocComparer.py", line 229, in _startCompare
    target=OSTools.joinPathes(hp,location+".xlsx")
                                 ^^^^^^^^
NameError: name 'location' is not defined
2024-03-19 00:07:00,082 INFO : Long operation done:name 'location' is not defined
2024-03-19 00:11:45,258 INFO : --- Start Omoc comparer ---
2024-03-19 00:11:56,700 INFO : Read 168 entries, with 5 columns each
2024-03-19 00:11:56,749 INFO : Read 189 entries, with 6 columns each
2024-03-19 00:11:56,769 ERROR : ***Error in LongRunningOperation***
Traceback (most recent call last):
  File "/home/matze/git/TSVTools/src/OmocComparer.py", line 320, in run
    self.function(*self.arguments)
  File "/home/matze/git/TSVTools/src/OmocComparer.py", line 229, in _startCompare
    target=OSTools.joinPathes(hp,locx+".xlsx")
                                 ^^^^
NameError: name 'locx' is not defined
2024-03-19 00:11:57,137 INFO : Long operation done:name 'locx' is not defined
2024-03-19 00:18:03,791 INFO : --- Start Omoc comparer ---
2024-03-19 00:18:03,891 ERROR : Error in main:
Traceback (most recent call last):
  File "/home/matze/git/TSVTools/src/OmocComparer.py", line 377, in main
    WIN = MainFrame(app)  # keep python reference!
          ^^^^^^^^^^^^^^
  File "/home/matze/git/TSVTools/src/OmocComparer.py", line 43, in __init__
    self.initUI()
  File "/home/matze/git/TSVTools/src/OmocComparer.py", line 107, in initUI
    self.uiLogo = QtWidgets.QIcon(self)
                  ^^^^^^^^^^^^^^^
AttributeError: module 'PyQt6.QtWidgets' has no attribute 'QIcon'
2024-03-19 00:29:50,279 INFO : --- Start Omoc comparer ---
2024-03-19 00:29:50,368 ERROR : Error in main:
Traceback (most recent call last):
  File "/home/matze/git/TSVTools/src/OmocComparer.py", line 377, in main
    WIN = MainFrame(app)  # keep python reference!
          ^^^^^^^^^^^^^^
  File "/home/matze/git/TSVTools/src/OmocComparer.py", line 43, in __init__
    self.initUI()
  File "/home/matze/git/TSVTools/src/OmocComparer.py", line 107, in initUI
    self.uiLogo = QtGui.QPixmap(self)
                  ^^^^^^^^^^^^^^^^^^^
TypeError: QPixmap(): argument 1 has unexpected type 'MainFrame'
2024-03-19 00:30:36,378 INFO : --- Start Omoc comparer ---
2024-03-19 00:31:57,217 INFO : --- Start Omoc comparer ---
2024-03-19 00:31:57,333 ERROR : Error in main:
Traceback (most recent call last):
  File "/home/matze/git/TSVTools/src/OmocComparer.py", line 380, in main
    WIN = MainFrame(app)  # keep python reference!
          ^^^^^^^^^^^^^^
  File "/home/matze/git/TSVTools/src/OmocComparer.py", line 43, in __init__
    self.initUI()
  File "/home/matze/git/TSVTools/src/OmocComparer.py", line 108, in initUI
    pix = pix.scaledToWidth(32, mode=Qt.SmoothTransformation)
                                     ^^^^^^^^^^^^^^^^^^^^^^^
AttributeError: type object 'Qt' has no attribute 'SmoothTransformation'
2024-03-19 00:32:50,255 INFO : --- Start Omoc comparer ---
2024-03-19 00:35:07,348 INFO : --- Start Omoc comparer ---
2024-03-19 00:35:34,686 INFO : --- Start Omoc comparer ---
2024-03-19 00:36:04,916 INFO : --- Start Omoc comparer ---
2024-03-19 00:37:23,962 INFO : --- Start Omoc comparer ---
2024-03-19 00:38:31,053 INFO : --- Start Omoc comparer ---
2024-03-19 00:38:39,663 INFO : --- Start Omoc comparer ---
2024-03-19 00:38:47,878 INFO : --- Start Omoc comparer ---
2024-03-19 00:38:53,322 INFO : --- Start Omoc comparer ---
2024-03-19 00:39:03,460 INFO : --- Start Omoc comparer ---
2024-03-19 00:39:29,364 INFO : --- Start Omoc comparer ---
2024-03-19 00:39:29,586 ERROR : Error in main:
Traceback (most recent call last):
  File "/home/matze/git/TSVTools/src/OmocComparer.py", line 387, in main
    WIN = MainFrame(app)  # keep python reference!
          ^^^^^^^^^^^^^^
  File "/home/matze/git/TSVTools/src/OmocComparer.py", line 43, in __init__
    self.initUI()
  File "/home/matze/git/TSVTools/src/OmocComparer.py", line 152, in initUI
    box = self._makeLayout()
          ^^^^^^^^^^^^^^^^^^
  File "/home/matze/git/TSVTools/src/OmocComparer.py", line 164, in _makeLayout
    headBox.addSpacerItem()
TypeError: addSpacerItem(self, spacerItem: Optional[QSpacerItem]): not enough arguments
2024-03-19 00:40:58,247 INFO : --- Start Omoc comparer ---
2024-03-19 00:44:01,499 INFO : --- Start Omoc comparer ---
2024-03-19 00:45:17,299 INFO : --- Start Omoc comparer ---
2024-03-19 00:45:39,012 INFO : --- Start Omoc comparer ---
2024-03-19 00:46:22,661 INFO : --- Start Omoc comparer ---
2024-03-19 00:51:45,653 INFO : --- Start Omoc comparer ---
2024-03-19 00:51:59,679 INFO : --- Start Omoc comparer ---
2024-03-19 00:52:10,333 INFO : --- Start Omoc comparer ---
2024-03-19 00:52:18,747 INFO : --- Start Omoc comparer ---
2024-03-19 00:52:41,616 INFO : --- Start Omoc comparer ---
2024-03-19 00:52:41,818 ERROR : Error in main:
Traceback (most recent call last):
  File "/home/matze/git/TSVTools/src/OmocComparer.py", line 388, in main
    WIN = MainFrame(app)  # keep python reference!
          ^^^^^^^^^^^^^^
  File "/home/matze/git/TSVTools/src/OmocComparer.py", line 43, in __init__
    self.initUI()
  File "/home/matze/git/TSVTools/src/OmocComparer.py", line 152, in initUI
    box = self._makeLayout()
          ^^^^^^^^^^^^^^^^^^
  File "/home/matze/git/TSVTools/src/OmocComparer.py", line 162, in _makeLayout
    btn1Box.setSpacing(200)
    ^^^^^^^
UnboundLocalError: cannot access local variable 'btn1Box' where it is not associated with a value
2024-03-19 00:52:55,576 INFO : --- Start Omoc comparer ---
2024-03-19 00:53:05,635 INFO : --- Start Omoc comparer ---
2024-03-19 00:53:52,301 INFO : --- Start Omoc comparer ---
2024-03-19 00:54:01,627 INFO : --- Start Omoc comparer ---
2024-03-19 00:54:08,199 INFO : --- Start Omoc comparer ---
2024-03-19 00:54:15,483 INFO : --- Start Omoc comparer ---
2024-03-19 00:54:27,387 INFO : --- Start Omoc comparer ---
2024-03-19 00:54:38,053 INFO : --- Start Omoc comparer ---
2024-03-19 00:55:04,378 INFO : --- Start Omoc comparer ---
2024-03-19 00:55:15,608 INFO : --- Start Omoc comparer ---
2024-03-19 00:55:33,980 ERROR : Uncaught exception
Traceback (most recent call last):
  File "/home/matze/git/TSVTools/src/OmocComparer.py", line 206, in _onOmocFileClicked
    self._updateCompareButton()
  File "/home/matze/git/TSVTools/src/OmocComparer.py", line 287, in _updateCompareButton
    if not self.model.location.startswith("-"):
          ^^^^^^^^^^^^^^^^^^^^^^^^^^^^^^
AttributeError: 'NoneType' object has no attribute 'startswith'
2024-03-19 00:56:05,031 INFO : --- Start Omoc comparer ---
2024-03-19 00:56:12,333 INFO : --- Start Omoc comparer ---
2024-03-19 00:56:25,852 INFO : --- Start Omoc comparer ---
2024-03-19 00:57:35,695 INFO : --- Start Omoc comparer ---
2024-03-19 00:59:03,307 INFO : --- Start Omoc comparer ---
2024-03-19 00:59:25,031 INFO : --- Start Omoc comparer ---
2024-03-19 01:06:33,884 INFO : --- Start Omoc comparer ---
2024-03-19 01:06:53,787 ERROR : Uncaught exception
Traceback (most recent call last):
  File "/home/matze/git/TSVTools/src/OmocComparer.py", line 206, in _onOmocFileClicked
    self._updateCompareButton()
  File "/home/matze/git/TSVTools/src/OmocComparer.py", line 287, in _updateCompareButton
    if not self.model.location.startswith("-"):
          ^^^^^^^^^^^^^^^^^^^^^^^^^^^^^^
AttributeError: 'NoneType' object has no attribute 'startswith'
2024-03-19 01:07:02,184 ERROR : Uncaught exception
Traceback (most recent call last):
  File "/home/matze/git/TSVTools/src/OmocComparer.py", line 218, in _onLkrFileClicked
    self._updateCompareButton()
  File "/home/matze/git/TSVTools/src/OmocComparer.py", line 287, in _updateCompareButton
    if not self.model.location.startswith("-"):
          ^^^^^^^^^^^^^^^^^^^^^^^^^^^^^^
AttributeError: 'NoneType' object has no attribute 'startswith'
2024-03-19 01:07:08,286 INFO : Read 118 entries, with 5 columns each
2024-03-19 01:07:08,321 INFO : Read 126 entries, with 6 columns each
2024-03-19 01:07:08,335 ERROR : ***Error in LongRunningOperation***
Traceback (most recent call last):
  File "/home/matze/git/TSVTools/src/OmocComparer.py", line 334, in run
    self.function(*self.arguments)
  File "/home/matze/git/TSVTools/src/OmocComparer.py", line 243, in _startCompare
    target=OSTools.joinPathes(hp,locx+".xlsx")
                                 ^^^^
NameError: name 'locx' is not defined
2024-03-19 01:07:08,733 INFO : Long operation done:name 'locx' is not defined
2024-03-19 01:07:25,671 INFO : --- Start Omoc comparer ---
2024-03-19 01:07:38,760 INFO : Read 118 entries, with 5 columns each
2024-03-19 01:07:38,796 INFO : Read 126 entries, with 6 columns each
2024-03-19 01:07:38,810 ERROR : ***Error in LongRunningOperation***
Traceback (most recent call last):
  File "/home/matze/git/TSVTools/src/OmocComparer.py", line 334, in run
    self.function(*self.arguments)
  File "/home/matze/git/TSVTools/src/OmocComparer.py", line 244, in _startCompare
    wr=WorksheetWriter(target)
       ^^^^^^^^^^^^^^^
NameError: name 'WorksheetWriter' is not defined
2024-03-19 01:07:39,211 INFO : Long operation done:name 'WorksheetWriter' is not defined
2024-03-19 01:09:35,700 INFO : --- Start Omoc comparer ---
2024-03-19 01:09:46,128 INFO : Read 118 entries, with 5 columns each
2024-03-19 01:09:46,165 INFO : Read 126 entries, with 6 columns each
2024-03-19 01:09:46,571 INFO : Long operation done:None
2024-03-19 01:09:46,571 INFO : Statistics Same:92 diff: 54
2024-03-19 01:12:13,360 INFO : Read 118 entries, with 5 columns each
2024-03-19 01:12:13,383 INFO : Read 126 entries, with 6 columns each
2024-03-19 01:12:13,808 INFO : Long operation done:None
2024-03-19 01:12:13,808 INFO : Statistics Same:92 diff: 54
2024-03-19 01:12:24,466 INFO : --- Start Omoc comparer ---
2024-03-19 01:12:35,606 INFO : Read 118 entries, with 5 columns each
2024-03-19 01:12:35,643 INFO : Read 126 entries, with 6 columns each
2024-03-19 01:12:36,052 INFO : Long operation done:None
2024-03-19 01:12:36,052 INFO : Statistics Same:92 diff: 54
2024-03-19 01:16:34,653 INFO : --- Start Omoc comparer ---
2024-03-19 01:16:59,476 INFO : Read 238 entries, with 5 columns each
2024-03-19 01:16:59,527 INFO : Read 221 entries, with 6 columns each
2024-03-19 01:16:59,923 INFO : Long operation done:None
2024-03-19 01:16:59,923 INFO : Statistics Same:207 diff: 32
